
======================================================================
监控时间: 2026-03-16 11:23:09
======================================================================

[301117] 佳缘科技
  时间: 11:23 | 价格: 47.30 | 涨跌: -9.82%
  主力: -7883万 | 控盘: 0.153
  趋势: 数据不足
  [ALERT] 主力大幅流出; 价格大幅波动

[301136] 招标股份
  时间: 11:23 | 价格: 16.28 | 涨跌: +0.06%
  主力: +8362万 | 控盘: 0.011
  趋势: 数据不足
  [ALERT] 筹码极度分散


======================================================================
监控时间: 2026-03-16 14:27:06
======================================================================

[301117] 佳缘科技
  时间: 14:27 | 价格: 47.64 | 涨跌: -9.17%
  主力: -7883万 | 控盘: 0.153
  趋势: 主力连续流出，累计-15765万
  [ALERT] 主力大幅流出; 价格大幅波动

[301136] 招标股份
  时间: 14:27 | 价格: 16.44 | 涨跌: +1.04%
  主力: +8362万 | 控盘: 0.011
  趋势: 主力持续流入，累计+16724万
  [ALERT] 筹码极度分散

